#
# There is insufficient memory for the Java Runtime Environment to continue.
# Native memory allocation (malloc) failed to allocate 605776 bytes for Chunk::new
# Possible reasons:
#   The system is out of physical RAM or swap space
#   In 32 bit mode, the process size limit was hit
# Possible solutions:
#   Reduce memory load on the system
#   Increase physical memory or swap space
#   Check if swap backing store is full
#   Use 64 bit Java on a 64 bit OS
#   Decrease Java heap size (-Xmx/-Xms)
#   Decrease number of Java threads
#   Decrease Java thread stack sizes (-Xss)
#   Set larger code cache with -XX:ReservedCodeCacheSize=
# This output file may be truncated or incomplete.
#
#  Out of Memory Error (allocation.cpp:390), pid=8676, tid=11732
#
# JRE version: Java(TM) SE Runtime Environment (8.0_65-b17) (build 1.8.0_65-b17)
# Java VM: Java HotSpot(TM) 64-Bit Server VM (25.65-b01 mixed mode windows-amd64 compressed oops)
# Failed to write core dump. Minidumps are not enabled by default on client versions of Windows
#

---------------  T H R E A D  ---------------

Current thread (0x00000000170cd800):  JavaThread "C2 CompilerThread1" daemon [_thread_in_native, id=11732, stack(0x0000000017480000,0x0000000017580000)]

Stack: [0x0000000017480000,0x0000000017580000]
[error occurred during error reporting (printing stack bounds), id 0xc0000005]

Native frames: (J=compiled Java code, j=interpreted, Vv=VM code, C=native code)


Current CompileTask:
C2:   1335 1264       4       com.android.dx.ssa.SCCP::simulateStmt (481 bytes)


---------------  P R O C E S S  ---------------

Java Threads: ( => current thread )
  0x00000000173bb800 JavaThread "pool-2-thread-4" [_thread_blocked, id=3864, stack(0x0000000017c80000,0x0000000017d80000)]
  0x00000000173bb000 JavaThread "pool-2-thread-3" [_thread_in_vm, id=10560, stack(0x0000000017b80000,0x0000000017c80000)]
  0x00000000173ba000 JavaThread "pool-2-thread-2" [_thread_in_Java, id=2508, stack(0x0000000017a80000,0x0000000017b80000)]
  0x00000000173b8800 JavaThread "pool-3-thread-1" [_thread_blocked, id=1716, stack(0x0000000017980000,0x0000000017a80000)]
  0x000000001736d000 JavaThread "pool-2-thread-1" [_thread_in_Java, id=1640, stack(0x0000000017880000,0x0000000017980000)]
  0x00000000170e2000 JavaThread "Service Thread" daemon [_thread_blocked, id=9932, stack(0x0000000017680000,0x0000000017780000)]
  0x00000000170d8000 JavaThread "C1 CompilerThread2" daemon [_thread_in_native, id=13956, stack(0x0000000017580000,0x0000000017680000)]
=>0x00000000170cd800 JavaThread "C2 CompilerThread1" daemon [_thread_in_native, id=11732, stack(0x0000000017480000,0x0000000017580000)]
  0x0000000015a2b000 JavaThread "C2 CompilerThread0" daemon [_thread_in_native, id=5776, stack(0x0000000016f80000,0x0000000017080000)]
  0x0000000015a29000 JavaThread "Attach Listener" daemon [_thread_blocked, id=13572, stack(0x0000000016e80000,0x0000000016f80000)]
  0x00000000159de000 JavaThread "Signal Dispatcher" daemon [_thread_blocked, id=920, stack(0x0000000016d80000,0x0000000016e80000)]
  0x00000000032f6800 JavaThread "Finalizer" daemon [_thread_blocked, id=9628, stack(0x0000000016c20000,0x0000000016d20000)]
  0x00000000032ed800 JavaThread "Reference Handler" daemon [_thread_blocked, id=7956, stack(0x0000000016b20000,0x0000000016c20000)]
  0x00000000031fd800 JavaThread "main" [_thread_blocked, id=12208, stack(0x0000000003070000,0x0000000003170000)]

Other Threads:
  0x0000000015998800 VMThread [stack: 0x0000000016a20000,0x0000000016b20000] [id=6572]
  0x0000000017145800 WatcherThread [stack: 0x0000000017780000,0x0000000017880000] [id=1064]

VM state:not at safepoint (normal execution)

VM Mutex/Monitor currently owned by a thread: None

Heap:
 PSYoungGen      total 37888K, used 19239K [0x00000000eab00000, 0x00000000ef500000, 0x0000000100000000)
  eden space 32768K, 44% used [0x00000000eab00000,0x00000000eb9178f0,0x00000000ecb00000)
  from space 5120K, 93% used [0x00000000ecb00000,0x00000000ecfb25d8,0x00000000ed000000)
  to   space 5120K, 0% used [0x00000000ef000000,0x00000000ef000000,0x00000000ef500000)
 ParOldGen       total 86016K, used 0K [0x00000000c0000000, 0x00000000c5400000, 0x00000000eab00000)
  object space 86016K, 0% used [0x00000000c0000000,0x00000000c0000000,0x00000000c5400000)
 Metaspace       used 6081K, capacity 6962K, committed 7040K, reserved 1056768K
  class space    used 602K, capacity 618K, committed 640K, reserved 1048576K

Card table byte_map: [0x00000000126c0000,0x00000000128d0000] byte_map_base: 0x00000000120c0000

Marking Bits: (ParMarkBitMap*) 0x000000005e34a5b0
 Begin Bits: [0x0000000012e30000, 0x0000000013e30000)
 End Bits:   [0x0000000013e30000, 0x0000000014e30000)

Polling page: 0x00000000014d0000

CodeCache: size=245760Kb used=5227Kb max_used=5227Kb free=240532Kb
 bounds [0x0000000003300000, 0x0000000003820000, 0x0000000012300000]
 total_blobs=1567 nmethods=1298 adapters=182
 compilation: enabled

Compilation events (10 events):
Event: 1.332 Thread 0x00000000170d8000 nmethod 1295 0x0000000003818ad0 code [0x0000000003818c40, 0x0000000003818eb0]
Event: 1.332 Thread 0x00000000170d8000 1296       1       com.android.dx.rop.code.Insn$BaseVisitor::visitThrowingCstInsn (1 bytes)
Event: 1.332 Thread 0x00000000170d8000 nmethod 1296 0x0000000003818fd0 code [0x0000000003819120, 0x0000000003819230]
Event: 1.332 Thread 0x00000000170d8000 1297       3       com.android.dx.ssa.SsaMethod::onInsnsChanged (16 bytes)
Event: 1.332 Thread 0x00000000170d8000 nmethod 1297 0x0000000003819290 code [0x00000000038193e0, 0x0000000003819570]
Event: 1.333 Thread 0x00000000170d8000 1298       3       com.android.dx.ssa.DomFront::calcDomFronts (154 bytes)
Event: 1.334 Thread 0x00000000170d8000 nmethod 1298 0x0000000003819610 code [0x00000000038198a0, 0x000000000381a7c8]
Event: 1.335 Thread 0x00000000170d8000 1300       3       java.util.HashMap::<init> (8 bytes)
Event: 1.335 Thread 0x00000000170d8000 nmethod 1300 0x000000000381b490 code [0x000000000381b620, 0x000000000381b7a8]
Event: 1.335 Thread 0x00000000170d8000 1301       3       java.util.HashMap::<init> (98 bytes)

GC Heap History (2 events):
Event: 0.894 GC heap before
{Heap before GC invocations=1 (full 0):
 PSYoungGen      total 37888K, used 32768K [0x00000000eab00000, 0x00000000ed500000, 0x0000000100000000)
  eden space 32768K, 100% used [0x00000000eab00000,0x00000000ecb00000,0x00000000ecb00000)
  from space 5120K, 0% used [0x00000000ed000000,0x00000000ed000000,0x00000000ed500000)
  to   space 5120K, 0% used [0x00000000ecb00000,0x00000000ecb00000,0x00000000ed000000)
 ParOldGen       total 86016K, used 0K [0x00000000c0000000, 0x00000000c5400000, 0x00000000eab00000)
  object space 86016K, 0% used [0x00000000c0000000,0x00000000c0000000,0x00000000c5400000)
 Metaspace       used 5894K, capacity 6768K, committed 7040K, reserved 1056768K
  class space    used 600K, capacity 616K, committed 640K, reserved 1048576K
Event: 1.092 GC heap after
Heap after GC invocations=1 (full 0):
 PSYoungGen      total 37888K, used 4809K [0x00000000eab00000, 0x00000000ef500000, 0x0000000100000000)
  eden space 32768K, 0% used [0x00000000eab00000,0x00000000eab00000,0x00000000ecb00000)
  from space 5120K, 93% used [0x00000000ecb00000,0x00000000ecfb25d8,0x00000000ed000000)
  to   space 5120K, 0% used [0x00000000ef000000,0x00000000ef000000,0x00000000ef500000)
 ParOldGen       total 86016K, used 0K [0x00000000c0000000, 0x00000000c5400000, 0x00000000eab00000)
  object space 86016K, 0% used [0x00000000c0000000,0x00000000c0000000,0x00000000c5400000)
 Metaspace       used 5894K, capacity 6768K, committed 7040K, reserved 1056768K
  class space    used 600K, capacity 616K, committed 640K, reserved 1048576K
}

Deoptimization events (10 events):
Event: 0.200 Thread 0x00000000031fd800 Uncommon trap: reason=unstable_if action=reinterpret pc=0x000000000345bb94 method=java.lang.String.compareTo(Ljava/lang/String;)I @ 38
Event: 0.702 Thread 0x000000001736d000 Uncommon trap: reason=unstable_if action=reinterpret pc=0x0000000003530b9c method=java.util.HashMap.getNode(ILjava/lang/Object;)Ljava/util/HashMap$Node; @ 129
Event: 1.116 Thread 0x00000000173ba000 Uncommon trap: reason=unstable_if action=reinterpret pc=0x000000000350d6f0 method=java.util.BitSet.nextSetBit(I)I @ 87
Event: 1.269 Thread 0x00000000173bb000 Uncommon trap: reason=unstable_if action=reinterpret pc=0x00000000037a0bd8 method=com.android.dx.util.LabeledList.set(ILcom/android/dx/util/LabeledItem;)V @ 16
Event: 1.286 Thread 0x000000001736d000 Uncommon trap: reason=unstable_if action=reinterpret pc=0x000000000378e778 method=com.android.dx.cf.code.Ropper.labelToResultIndex(I)I @ 34
Event: 1.286 Thread 0x000000001736d000 Uncommon trap: reason=class_check action=maybe_recompile pc=0x00000000036ba428 method=com.android.dx.rop.type.Type.equals(Ljava/lang/Object;)Z @ 8
Event: 1.286 Thread 0x000000001736d000 Uncommon trap: reason=class_check action=maybe_recompile pc=0x00000000036ba428 method=com.android.dx.rop.type.Type.equals(Ljava/lang/Object;)Z @ 8
Event: 1.286 Thread 0x000000001736d000 Uncommon trap: reason=class_check action=maybe_recompile pc=0x00000000036ba428 method=com.android.dx.rop.type.Type.equals(Ljava/lang/Object;)Z @ 8
Event: 1.288 Thread 0x000000001736d000 Uncommon trap: reason=class_check action=maybe_recompile pc=0x00000000036ba428 method=com.android.dx.rop.type.Type.equals(Ljava/lang/Object;)Z @ 8
Event: 1.294 Thread 0x000000001736d000 Uncommon trap: reason=class_check action=maybe_recompile pc=0x00000000036dcfd0 method=com.android.dx.rop.type.Type.equals(Ljava/lang/Object;)Z @ 8

Internal exceptions (2 events):
Event: 0.036 Thread 0x00000000031fd800 Exception <a 'java/lang/NoSuchMethodError': Method sun.misc.Unsafe.defineClass(Ljava/lang/String;[BII)Ljava/lang/Class; name or signature does not match> (0x00000000eab12ee8) thrown at [C:\workspace\8-2-build-windows-amd64-cygwin\jdk8u65\4987\hotspot\src\sÀ®¿^µ¢?
Event: 0.037 Thread 0x00000000031fd800 Exception <a 'java/lang/NoSuchMethodError': Method sun.misc.Unsafe.prefetchRead(Ljava/lang/Object;J)V name or signature does not match> (0x00000000eab131d0) thrown at [C:\workspace\8-2-build-windows-amd64-cygwin\jdk8u65\4987\hotspot\src\share\vm\prims\jni.

Events (10 events):
Event: 1.286 Thread 0x000000001736d000 DEOPT PACKING pc=0x00000000036ba428 sp=0x000000001797eb80
Event: 1.286 Thread 0x000000001736d000 DEOPT UNPACKING pc=0x000000000334582a sp=0x000000001797eab8 mode 2
Event: 1.288 Thread 0x000000001736d000 Uncommon trap: trap_request=0xffffffde fr.pc=0x00000000036ba428
Event: 1.288 Thread 0x000000001736d000 DEOPT PACKING pc=0x00000000036ba428 sp=0x000000001797e6c0
Event: 1.288 Thread 0x000000001736d000 DEOPT UNPACKING pc=0x000000000334582a sp=0x000000001797e5f8 mode 2
Event: 1.289 Thread 0x000000001736d000 DEOPT PACKING pc=0x000000000357b5e5 sp=0x000000001797eb20
Event: 1.289 Thread 0x000000001736d000 DEOPT UNPACKING pc=0x000000000334787f sp=0x000000001797e900 mode 0
Event: 1.294 Thread 0x000000001736d000 Uncommon trap: trap_request=0xffffffde fr.pc=0x00000000036dcfd0
Event: 1.294 Thread 0x000000001736d000 DEOPT PACKING pc=0x00000000036dcfd0 sp=0x000000001797dfe0
Event: 1.294 Thread 0x000000001736d000 DEOPT UNPACKING pc=0x000000000334582a sp=0x000000001797de40 mode 2


Dynamic libraries:
0x00007ff6edc40000 - 0x00007ff6edc77000 	C:\Program Files\Java\jdk1.8.0_65\bin\java.exe
0x00007fff305c0000 - 0x00007fff30791000 	C:\WINDOWS\SYSTEM32\ntdll.dll
0x00007fff301e0000 - 0x00007fff3028b000 	C:\WINDOWS\System32\KERNEL32.DLL
0x00007fff2cf20000 - 0x00007fff2d13d000 	C:\WINDOWS\System32\KERNELBASE.dll
0x00007fff2f890000 - 0x00007fff2f932000 	C:\WINDOWS\System32\ADVAPI32.dll
0x00007fff2dbb0000 - 0x00007fff2dc4e000 	C:\WINDOWS\System32\msvcrt.dll
0x00007fff2f4c0000 - 0x00007fff2f519000 	C:\WINDOWS\System32\sechost.dll
0x00007fff2f520000 - 0x00007fff2f641000 	C:\WINDOWS\System32\RPCRT4.dll
0x00007fff2dc50000 - 0x00007fff2ddb5000 	C:\WINDOWS\System32\USER32.dll
0x00007fff2cce0000 - 0x00007fff2ccfe000 	C:\WINDOWS\System32\win32u.dll
0x00007fff2ddc0000 - 0x00007fff2ddf4000 	C:\WINDOWS\System32\GDI32.dll
0x00007fff2cb50000 - 0x00007fff2ccd2000 	C:\WINDOWS\System32\gdi32full.dll
0x00007fff25d60000 - 0x00007fff25fd9000 	C:\WINDOWS\WinSxS\amd64_microsoft.windows.common-controls_6595b64144ccf1df_6.0.14393.0_none_2d0f50fcbdb171b8\COMCTL32.dll
0x00007fff2ff10000 - 0x00007fff301d7000 	C:\WINDOWS\System32\combase.dll
0x00007fff2d300000 - 0x00007fff2d3f5000 	C:\WINDOWS\System32\ucrtbase.dll
0x00007fff2d400000 - 0x00007fff2d46a000 	C:\WINDOWS\System32\bcryptPrimitives.dll
0x00007fff303a0000 - 0x00007fff303ce000 	C:\WINDOWS\System32\IMM32.DLL
0x000000005d6c0000 - 0x000000005d792000 	C:\Program Files\Java\jdk1.8.0_65\jre\bin\msvcr100.dll
0x000000005db40000 - 0x000000005e3c9000 	C:\Program Files\Java\jdk1.8.0_65\jre\bin\server\jvm.dll
0x00007fff305b0000 - 0x00007fff305b8000 	C:\WINDOWS\System32\PSAPI.DLL
0x00007fff24520000 - 0x00007fff24529000 	C:\WINDOWS\SYSTEM32\WSOCK32.dll
0x00007fff2de00000 - 0x00007fff2de6a000 	C:\WINDOWS\System32\WS2_32.dll
0x00007fff2ae80000 - 0x00007fff2aea3000 	C:\WINDOWS\SYSTEM32\WINMM.dll
0x00007fff28b30000 - 0x00007fff28b3a000 	C:\WINDOWS\SYSTEM32\VERSION.dll
0x00007fff2ae20000 - 0x00007fff2ae4b000 	C:\WINDOWS\SYSTEM32\WINMMBASE.dll
0x00007fff2cd00000 - 0x00007fff2cd42000 	C:\WINDOWS\System32\cfgmgr32.dll
0x000000005db30000 - 0x000000005db3f000 	C:\Program Files\Java\jdk1.8.0_65\jre\bin\verify.dll
0x000000005db00000 - 0x000000005db29000 	C:\Program Files\Java\jdk1.8.0_65\jre\bin\java.dll
0x000000005dae0000 - 0x000000005daf6000 	C:\Program Files\Java\jdk1.8.0_65\jre\bin\zip.dll
0x00007fff2de70000 - 0x00007fff2f378000 	C:\WINDOWS\System32\SHELL32.dll
0x00007fff2d470000 - 0x00007fff2db4a000 	C:\WINDOWS\System32\windows.storage.dll
0x00007fff2caf0000 - 0x00007fff2cb3c000 	C:\WINDOWS\System32\powrprof.dll
0x00007fff2f830000 - 0x00007fff2f882000 	C:\WINDOWS\System32\shlwapi.dll
0x00007fff2cae0000 - 0x00007fff2caef000 	C:\WINDOWS\System32\kernel.appcore.dll
0x00007fff2d250000 - 0x00007fff2d2f9000 	C:\WINDOWS\System32\shcore.dll
0x00007fff2cac0000 - 0x00007fff2cad4000 	C:\WINDOWS\System32\profapi.dll

VM Arguments:
jvm_args: -Djava.awt.headless=true -Xmx1024M -Dfile.encoding=x-windows-950 -Duser.country=TW -Duser.language=zh -Duser.variant 
java_command: com.android.dx.command.Main --dex --num-threads=4 --multi-dex --output C:\Users\Andy\Desktop\2016YCProject-jiarou\ShareLove\app\build\intermediates\transforms\dex\debug\folders\1000\10\com.android.support-support-v4-24.0.0-alpha1_ab6cd92fc0322af05c2ff65f15351380f83e67d8 C:\Users\Andy\Desktop\2016YCProject-jiarou\ShareLove\app\build\intermediates\exploded-aar\com.android.support\support-v4\24.0.0-alpha1\jars\classes.jar
java_class_path (initial): C:\Users\Andy\AppData\Local\Android\sdk\build-tools\23.0.2\lib\dx.jar
Launcher Type: SUN_STANDARD

Environment Variables:
JAVA_HOME=C:\Program Files\Java\jdk1.8.0_65
CLASSPATH=.;C:\Program Files (x86)\Java\jre1.8.0_91\lib\ext\QTJava.zip
PATH=C:\Python27\;C:\Python27\Scripts;C:\ProgramData\Oracle\Java\javapath;C:\Program Files (x86)\Intel\iCLS Client\;C:\Program Files\Intel\iCLS Client\;C:\Windows\system32;C:\Windows;C:\Windows\System32\Wbem;C:\Windows\System32\WindowsPowerShell\v1.0\;C:\Program Files (x86)\Intel\Intel(R) Management Engine Components\DAL;C:\Program Files\Intel\Intel(R) Management Engine Components\DAL;C:\Program Files (x86)\Intel\Intel(R) Management Engine Components\IPT;C:\Program Files\Intel\Intel(R) Management Engine Components\IPT;C:\Program Files (x86)\NVIDIA Corporation\PhysX\Common;C:\WINDOWS\system32;C:\WINDOWS;C:\WINDOWS\System32\Wbem;C:\WINDOWS\System32\WindowsPowerShell\v1.0\;C:\Program Files (x86)\Heroku\bin;C:\Program Files (x86)\git\cmd;C:\Program Files (x86)\Windows Live\Shared;C:\Program Files (x86)\QuickTime\QTSystem\;C:\Program Files\Bandizip\7z;%USERPROFILE%\AppData\Local\Microsoft\WindowsApps;
USERNAME=Andy
OS=Windows_NT
PROCESSOR_IDENTIFIER=Intel64 Family 6 Model 94 Stepping 3, GenuineIntel



---------------  S Y S T E M  ---------------

OS: Windows 10.0 , 64 bit Build 14393 (10.0.14393.0)

CPU:total 4 (4 cores per cpu, 1 threads per core) family 6 model 94 stepping 3, cmov, cx8, fxsr, mmx, sse, sse2, sse3, ssse3, sse4.1, sse4.2, popcnt, avx, avx2, aes, clmul, erms, 3dnowpref, lzcnt, tsc, tscinvbit, bmi1, bmi2, adx

Memory: 4k page, physical 8242700k(1292076k free), swap 10895840k(5440k free)

vm_info: Java HotSpot(TM) 64-Bit Server VM (25.65-b01) for windows-amd64 JRE (1.8.0_65-b17), built on Oct  6 2015 16:39:20 by "java_re" with MS VC++ 10.0 (VS2010)

time: Sun Aug 28 21:44:50 2016
elapsed time: 1 seconds (0d 0h 0m 1s)

