#
# There is insufficient memory for the Java Runtime Environment to continue.
# Native memory allocation (malloc) failed to allocate 1044416 bytes for Chunk::new
# Possible reasons:
#   The system is out of physical RAM or swap space
#   In 32 bit mode, the process size limit was hit
# Possible solutions:
#   Reduce memory load on the system
#   Increase physical memory or swap space
#   Check if swap backing store is full
#   Use 64 bit Java on a 64 bit OS
#   Decrease Java heap size (-Xmx/-Xms)
#   Decrease number of Java threads
#   Decrease Java thread stack sizes (-Xss)
#   Set larger code cache with -XX:ReservedCodeCacheSize=
# This output file may be truncated or incomplete.
#
#  Out of Memory Error (allocation.cpp:390), pid=13332, tid=12180
#
# JRE version: Java(TM) SE Runtime Environment (8.0_65-b17) (build 1.8.0_65-b17)
# Java VM: Java HotSpot(TM) 64-Bit Server VM (25.65-b01 mixed mode windows-amd64 compressed oops)
# Failed to write core dump. Minidumps are not enabled by default on client versions of Windows
#

---------------  T H R E A D  ---------------

Current thread (0x0000000016c31000):  JavaThread "C2 CompilerThread1" daemon [_thread_in_native, id=12180, stack(0x0000000017030000,0x0000000017130000)]

Stack: [0x0000000017030000,0x0000000017130000]
[error occurred during error reporting (printing stack bounds), id 0xc0000005]

Native frames: (J=compiled Java code, j=interpreted, Vv=VM code, C=native code)


Current CompileTask:
C2:   1362 1486   !   4       com.android.dx.cf.code.BytecodeArray::parseInstruction (2764 bytes)


---------------  P R O C E S S  ---------------

Java Threads: ( => current thread )
  0x0000000016e99000 JavaThread "pool-2-thread-4" [_thread_in_Java, id=5532, stack(0x0000000017830000,0x0000000017930000)]
  0x0000000016e98000 JavaThread "pool-2-thread-3" [_thread_in_Java, id=12480, stack(0x0000000017730000,0x0000000017830000)]
  0x0000000016e97800 JavaThread "pool-2-thread-2" [_thread_in_Java, id=10060, stack(0x0000000017630000,0x0000000017730000)]
  0x0000000016ec9000 JavaThread "pool-3-thread-1" [_thread_blocked, id=13948, stack(0x0000000017530000,0x0000000017630000)]
  0x0000000016ec3000 JavaThread "pool-2-thread-1" [_thread_in_Java, id=13488, stack(0x0000000017430000,0x0000000017530000)]
  0x0000000016ca3000 JavaThread "Service Thread" daemon [_thread_blocked, id=4872, stack(0x0000000017230000,0x0000000017330000)]
  0x0000000016c94800 JavaThread "C1 CompilerThread2" daemon [_thread_blocked, id=12112, stack(0x0000000017130000,0x0000000017230000)]
=>0x0000000016c31000 JavaThread "C2 CompilerThread1" daemon [_thread_in_native, id=12180, stack(0x0000000017030000,0x0000000017130000)]
  0x000000001556f800 JavaThread "C2 CompilerThread0" daemon [_thread_blocked, id=14252, stack(0x0000000016b30000,0x0000000016c30000)]
  0x0000000015559000 JavaThread "Attach Listener" daemon [_thread_blocked, id=8360, stack(0x0000000016a30000,0x0000000016b30000)]
  0x00000000155be800 JavaThread "Signal Dispatcher" daemon [_thread_blocked, id=6872, stack(0x0000000016930000,0x0000000016a30000)]
  0x0000000002e88000 JavaThread "Finalizer" daemon [_thread_blocked, id=11328, stack(0x00000000167d0000,0x00000000168d0000)]
  0x0000000002e7f000 JavaThread "Reference Handler" daemon [_thread_blocked, id=6340, stack(0x00000000166d0000,0x00000000167d0000)]
  0x0000000002d8d800 JavaThread "main" [_thread_in_vm, id=1016, stack(0x0000000002c40000,0x0000000002d40000)]

Other Threads:
  0x0000000015528000 VMThread [stack: 0x00000000165d0000,0x00000000166d0000] [id=7800]
  0x0000000016cf9000 WatcherThread [stack: 0x0000000017330000,0x0000000017430000] [id=11260]

VM state:not at safepoint (normal execution)

VM Mutex/Monitor currently owned by a thread: None

Heap:
 PSYoungGen      total 70656K, used 52898K [0x00000000eab00000, 0x00000000ef500000, 0x0000000100000000)
  eden space 65536K, 72% used [0x00000000eab00000,0x00000000ed9ab810,0x00000000eeb00000)
  from space 5120K, 99% used [0x00000000ef000000,0x00000000ef4fd298,0x00000000ef500000)
  to   space 5120K, 0% used [0x00000000eeb00000,0x00000000eeb00000,0x00000000ef000000)
 ParOldGen       total 86016K, used 5561K [0x00000000c0000000, 0x00000000c5400000, 0x00000000eab00000)
  object space 86016K, 6% used [0x00000000c0000000,0x00000000c056e508,0x00000000c5400000)
 Metaspace       used 6228K, capacity 7090K, committed 7296K, reserved 1056768K
  class space    used 600K, capacity 618K, committed 640K, reserved 1048576K

Card table byte_map: [0x0000000012250000,0x0000000012460000] byte_map_base: 0x0000000011c50000

Marking Bits: (ParMarkBitMap*) 0x000000005e34a5b0
 Begin Bits: [0x00000000129c0000, 0x00000000139c0000)
 End Bits:   [0x00000000139c0000, 0x00000000149c0000)

Polling page: 0x0000000001090000

CodeCache: size=245760Kb used=6458Kb max_used=6474Kb free=239301Kb
 bounds [0x0000000002e90000, 0x00000000034f0000, 0x0000000011e90000]
 total_blobs=1917 nmethods=1647 adapters=182
 compilation: enabled

Compilation events (10 events):
Event: 1.244 Thread 0x000000001556f800 1442       4       com.android.dx.ssa.SsaRenamer$BlockRenamer::processResultReg (56 bytes)
Event: 1.251 Thread 0x000000001556f800 nmethod 1442 0x00000000034e3d50 code [0x00000000034e3ec0, 0x00000000034e4658]
Event: 1.251 Thread 0x000000001556f800 1449       4       com.android.dx.rop.code.ThrowingCstInsn::<init> (51 bytes)
Event: 1.252 Thread 0x000000001556f800 nmethod 1449 0x00000000034d32d0 code [0x00000000034d3420, 0x00000000034d35d8]
Event: 1.252 Thread 0x000000001556f800 1455       4       com.android.dx.ssa.MoveParamCombiner$1::visitNonMoveInsn (213 bytes)
Event: 1.254 Thread 0x000000001556f800 nmethod 1455 0x00000000034d2c90 code [0x00000000034d2de0, 0x00000000034d2f78]
Event: 1.254 Thread 0x000000001556f800 1520       4       com.android.dx.ssa.SsaRenamer$BlockRenamer::visitNonMoveInsn (14 bytes)
Event: 1.287 Thread 0x000000001556f800 nmethod 1520 0x00000000034e7b10 code [0x00000000034e7d00, 0x00000000034e9108]
Event: 1.287 Thread 0x000000001556f800 1433       4       com.android.dx.rop.code.RegisterSpec::getType (10 bytes)
Event: 1.288 Thread 0x000000001556f800 nmethod 1433 0x00000000034d5710 code [0x00000000034d5840, 0x00000000034d58b8]

GC Heap History (4 events):
Event: 0.521 GC heap before
{Heap before GC invocations=1 (full 0):
 PSYoungGen      total 37888K, used 32768K [0x00000000eab00000, 0x00000000ed500000, 0x0000000100000000)
  eden space 32768K, 100% used [0x00000000eab00000,0x00000000ecb00000,0x00000000ecb00000)
  from space 5120K, 0% used [0x00000000ed000000,0x00000000ed000000,0x00000000ed500000)
  to   space 5120K, 0% used [0x00000000ecb00000,0x00000000ecb00000,0x00000000ed000000)
 ParOldGen       total 86016K, used 0K [0x00000000c0000000, 0x00000000c5400000, 0x00000000eab00000)
  object space 86016K, 0% used [0x00000000c0000000,0x00000000c0000000,0x00000000c5400000)
 Metaspace       used 5882K, capacity 6832K, committed 7040K, reserved 1056768K
  class space    used 593K, capacity 616K, committed 640K, reserved 1048576K
Event: 0.532 GC heap after
Heap after GC invocations=1 (full 0):
 PSYoungGen      total 37888K, used 5092K [0x00000000eab00000, 0x00000000ef500000, 0x0000000100000000)
  eden space 32768K, 0% used [0x00000000eab00000,0x00000000eab00000,0x00000000ecb00000)
  from space 5120K, 99% used [0x00000000ecb00000,0x00000000ecff9278,0x00000000ed000000)
  to   space 5120K, 0% used [0x00000000ef000000,0x00000000ef000000,0x00000000ef500000)
 ParOldGen       total 86016K, used 1590K [0x00000000c0000000, 0x00000000c5400000, 0x00000000eab00000)
  object space 86016K, 1% used [0x00000000c0000000,0x00000000c018d8c8,0x00000000c5400000)
 Metaspace       used 5882K, capacity 6832K, committed 7040K, reserved 1056768K
  class space    used 593K, capacity 616K, committed 640K, reserved 1048576K
}
Event: 0.828 GC heap before
{Heap before GC invocations=2 (full 0):
 PSYoungGen      total 37888K, used 37860K [0x00000000eab00000, 0x00000000ef500000, 0x0000000100000000)
  eden space 32768K, 100% used [0x00000000eab00000,0x00000000ecb00000,0x00000000ecb00000)
  from space 5120K, 99% used [0x00000000ecb00000,0x00000000ecff9278,0x00000000ed000000)
  to   space 5120K, 0% used [0x00000000ef000000,0x00000000ef000000,0x00000000ef500000)
 ParOldGen       total 86016K, used 1590K [0x00000000c0000000, 0x00000000c5400000, 0x00000000eab00000)
  object space 86016K, 1% used [0x00000000c0000000,0x00000000c018d8c8,0x00000000c5400000)
 Metaspace       used 6103K, capacity 6962K, committed 7040K, reserved 1056768K
  class space    used 599K, capacity 618K, committed 640K, reserved 1048576K
Event: 0.836 GC heap after
Heap after GC invocations=2 (full 0):
 PSYoungGen      total 70656K, used 5108K [0x00000000eab00000, 0x00000000ef500000, 0x0000000100000000)
  eden space 65536K, 0% used [0x00000000eab00000,0x00000000eab00000,0x00000000eeb00000)
  from space 5120K, 99% used [0x00000000ef000000,0x00000000ef4fd298,0x00000000ef500000)
  to   space 5120K, 0% used [0x00000000eeb00000,0x00000000eeb00000,0x00000000ef000000)
 ParOldGen       total 86016K, used 5561K [0x00000000c0000000, 0x00000000c5400000, 0x00000000eab00000)
  object space 86016K, 6% used [0x00000000c0000000,0x00000000c056e508,0x00000000c5400000)
 Metaspace       used 6103K, capacity 6962K, committed 7040K, reserved 1056768K
  class space    used 599K, capacity 618K, committed 640K, reserved 1048576K
}

Deoptimization events (10 events):
Event: 0.986 Thread 0x0000000016e97800 Uncommon trap: reason=bimorphic action=maybe_recompile pc=0x00000000033ab52c method=com.android.dx.cf.code.BytecodeArray.parseInstruction(ILcom/android/dx/cf/code/BytecodeArray$Visitor;)I @ 1501
Event: 0.986 Thread 0x0000000016e97800 Uncommon trap: reason=bimorphic action=maybe_recompile pc=0x00000000033ab52c method=com.android.dx.cf.code.BytecodeArray.parseInstruction(ILcom/android/dx/cf/code/BytecodeArray$Visitor;)I @ 1501
Event: 0.986 Thread 0x0000000016e97800 Uncommon trap: reason=unstable_if action=reinterpret pc=0x00000000033a08a0 method=com.android.dx.ssa.SCCP.simulateStmt(Lcom/android/dx/ssa/SsaInsn;)V @ 53
Event: 0.986 Thread 0x0000000016e97800 Uncommon trap: reason=unstable_if action=reinterpret pc=0x0000000003426400 method=com.android.dx.ssa.SCCP.simulateBranch(Lcom/android/dx/ssa/SsaInsn;)V @ 548
Event: 0.996 Thread 0x0000000016e98000 Uncommon trap: reason=class_check action=maybe_recompile pc=0x00000000032aff30 method=java.util.HashMap.putVal(ILjava/lang/Object;Ljava/lang/Object;ZZ)Ljava/lang/Object; @ 203
Event: 0.996 Thread 0x0000000016e98000 Uncommon trap: reason=bimorphic action=maybe_recompile pc=0x00000000030f4fec method=java.util.HashMap.getNode(ILjava/lang/Object;)Ljava/util/HashMap$Node; @ 126
Event: 0.996 Thread 0x0000000016e98000 Uncommon trap: reason=bimorphic action=maybe_recompile pc=0x00000000030f4fec method=java.util.HashMap.getNode(ILjava/lang/Object;)Ljava/util/HashMap$Node; @ 126
Event: 1.104 Thread 0x0000000002d8d800 Uncommon trap: reason=unstable_if action=reinterpret pc=0x00000000030919e0 method=java.lang.String.<init>([CII)V @ 18
Event: 1.116 Thread 0x0000000002d8d800 Uncommon trap: reason=bimorphic action=maybe_recompile pc=0x00000000030f4fec method=java.util.HashMap.getNode(ILjava/lang/Object;)Ljava/util/HashMap$Node; @ 126
Event: 1.116 Thread 0x0000000002d8d800 Uncommon trap: reason=bimorphic action=maybe_recompile pc=0x00000000030f4fec method=java.util.HashMap.getNode(ILjava/lang/Object;)Ljava/util/HashMap$Node; @ 126

Internal exceptions (3 events):
Event: 0.029 Thread 0x0000000002d8d800 Exception <a 'java/lang/NoSuchMethodError': Method sun.misc.Unsafe.defineClass(Ljava/lang/String;[BII)Ljava/lang/Class; name or signature does not match> (0x00000000eab13088) thrown at [C:\workspace\8-2-build-windows-amd64-cygwin\jdk8u65\4987\hotspot\src\s2Îßý8ž?
Event: 0.030 Thread 0x0000000002d8d800 Exception <a 'java/lang/NoSuchMethodError': Method sun.misc.Unsafe.prefetchRead(Ljava/lang/Object;J)V name or signature does not match> (0x00000000eab13370) thrown at [C:\workspace\8-2-build-windows-amd64-cygwin\jdk8u65\4987\hotspot\src\share\vm\prims\jni.m¬ñ–~5ã?
Event: 0.600 Thread 0x0000000016e99000 Implicit null exception at 0x000000000319fd22 to 0x000000000319fe1a

Events (10 events):
Event: 1.114 Thread 0x0000000016e99000 DEOPT PACKING pc=0x000000000334a4ab sp=0x000000001792e5b0
Event: 1.114 Thread 0x0000000016e99000 DEOPT UNPACKING pc=0x0000000002ed787f sp=0x000000001792e2e0 mode 0
Event: 1.116 Thread 0x0000000002d8d800 Uncommon trap: trap_request=0xffffffc6 fr.pc=0x00000000030f4fec
Event: 1.116 Thread 0x0000000002d8d800 DEOPT PACKING pc=0x00000000030f4fec sp=0x0000000002d3e1f0
Event: 1.116 Thread 0x0000000002d8d800 DEOPT UNPACKING pc=0x0000000002ed582a sp=0x0000000002d3e0f8 mode 2
Event: 1.116 Thread 0x0000000002d8d800 Uncommon trap: trap_request=0xffffffc6 fr.pc=0x00000000030f4fec
Event: 1.116 Thread 0x0000000002d8d800 DEOPT PACKING pc=0x00000000030f4fec sp=0x0000000002d3e1f0
Event: 1.116 Thread 0x0000000002d8d800 DEOPT UNPACKING pc=0x0000000002ed582a sp=0x0000000002d3e0f8 mode 2
Event: 1.132 Thread 0x0000000002d8d800 DEOPT PACKING pc=0x000000000334945a sp=0x0000000002d3e480
Event: 1.132 Thread 0x0000000002d8d800 DEOPT UNPACKING pc=0x0000000002ed787f sp=0x0000000002d3e1e0 mode 0


Dynamic libraries:
0x00007ff6edc40000 - 0x00007ff6edc77000 	C:\Program Files\Java\jdk1.8.0_65\bin\java.exe
0x00007fff305c0000 - 0x00007fff30791000 	C:\WINDOWS\SYSTEM32\ntdll.dll
0x00007fff301e0000 - 0x00007fff3028b000 	C:\WINDOWS\System32\KERNEL32.DLL
0x00007fff2cf20000 - 0x00007fff2d13d000 	C:\WINDOWS\System32\KERNELBASE.dll
0x00007fff2f890000 - 0x00007fff2f932000 	C:\WINDOWS\System32\ADVAPI32.dll
0x00007fff2dbb0000 - 0x00007fff2dc4e000 	C:\WINDOWS\System32\msvcrt.dll
0x00007fff2f4c0000 - 0x00007fff2f519000 	C:\WINDOWS\System32\sechost.dll
0x00007fff2f520000 - 0x00007fff2f641000 	C:\WINDOWS\System32\RPCRT4.dll
0x00007fff2dc50000 - 0x00007fff2ddb5000 	C:\WINDOWS\System32\USER32.dll
0x00007fff2cce0000 - 0x00007fff2ccfe000 	C:\WINDOWS\System32\win32u.dll
0x00007fff2ddc0000 - 0x00007fff2ddf4000 	C:\WINDOWS\System32\GDI32.dll
0x00007fff2cb50000 - 0x00007fff2ccd2000 	C:\WINDOWS\System32\gdi32full.dll
0x00007fff25d60000 - 0x00007fff25fd9000 	C:\WINDOWS\WinSxS\amd64_microsoft.windows.common-controls_6595b64144ccf1df_6.0.14393.0_none_2d0f50fcbdb171b8\COMCTL32.dll
0x00007fff2ff10000 - 0x00007fff301d7000 	C:\WINDOWS\System32\combase.dll
0x00007fff2d300000 - 0x00007fff2d3f5000 	C:\WINDOWS\System32\ucrtbase.dll
0x00007fff2d400000 - 0x00007fff2d46a000 	C:\WINDOWS\System32\bcryptPrimitives.dll
0x00007fff303a0000 - 0x00007fff303ce000 	C:\WINDOWS\System32\IMM32.DLL
0x000000005d6c0000 - 0x000000005d792000 	C:\Program Files\Java\jdk1.8.0_65\jre\bin\msvcr100.dll
0x000000005db40000 - 0x000000005e3c9000 	C:\Program Files\Java\jdk1.8.0_65\jre\bin\server\jvm.dll
0x00007fff305b0000 - 0x00007fff305b8000 	C:\WINDOWS\System32\PSAPI.DLL
0x00007fff24520000 - 0x00007fff24529000 	C:\WINDOWS\SYSTEM32\WSOCK32.dll
0x00007fff2de00000 - 0x00007fff2de6a000 	C:\WINDOWS\System32\WS2_32.dll
0x00007fff2ae80000 - 0x00007fff2aea3000 	C:\WINDOWS\SYSTEM32\WINMM.dll
0x00007fff28b30000 - 0x00007fff28b3a000 	C:\WINDOWS\SYSTEM32\VERSION.dll
0x00007fff2ae20000 - 0x00007fff2ae4b000 	C:\WINDOWS\SYSTEM32\WINMMBASE.dll
0x00007fff2cd00000 - 0x00007fff2cd42000 	C:\WINDOWS\System32\cfgmgr32.dll
0x000000005db30000 - 0x000000005db3f000 	C:\Program Files\Java\jdk1.8.0_65\jre\bin\verify.dll
0x000000005db00000 - 0x000000005db29000 	C:\Program Files\Java\jdk1.8.0_65\jre\bin\java.dll
0x000000005dae0000 - 0x000000005daf6000 	C:\Program Files\Java\jdk1.8.0_65\jre\bin\zip.dll
0x00007fff2de70000 - 0x00007fff2f378000 	C:\WINDOWS\System32\SHELL32.dll
0x00007fff2d470000 - 0x00007fff2db4a000 	C:\WINDOWS\System32\windows.storage.dll
0x00007fff2caf0000 - 0x00007fff2cb3c000 	C:\WINDOWS\System32\powrprof.dll
0x00007fff2f830000 - 0x00007fff2f882000 	C:\WINDOWS\System32\shlwapi.dll
0x00007fff2cae0000 - 0x00007fff2caef000 	C:\WINDOWS\System32\kernel.appcore.dll
0x00007fff2d250000 - 0x00007fff2d2f9000 	C:\WINDOWS\System32\shcore.dll
0x00007fff2cac0000 - 0x00007fff2cad4000 	C:\WINDOWS\System32\profapi.dll

VM Arguments:
jvm_args: -Djava.awt.headless=true -Xmx1024M -Dfile.encoding=x-windows-950 -Duser.country=TW -Duser.language=zh -Duser.variant 
java_command: com.android.dx.command.Main --dex --num-threads=4 --multi-dex --output C:\Users\Andy\Desktop\2016YCProject-jiarou\ShareLove\app\build\intermediates\transforms\dex\debug\folders\1000\10\com.google.android.gms-play-services-measurement-8.4.0_74c65ec530a53d820a9ac1f94aeafeda45fce05e C:\Users\Andy\Desktop\2016YCProject-jiarou\ShareLove\app\build\intermediates\exploded-aar\com.google.android.gms\play-services-measurement\8.4.0\jars\classes.jar
java_class_path (initial): C:\Users\Andy\AppData\Local\Android\sdk\build-tools\23.0.2\lib\dx.jar
Launcher Type: SUN_STANDARD

Environment Variables:
JAVA_HOME=C:\Program Files\Java\jdk1.8.0_65
CLASSPATH=.;C:\Program Files (x86)\Java\jre1.8.0_91\lib\ext\QTJava.zip
PATH=C:\Python27\;C:\Python27\Scripts;C:\ProgramData\Oracle\Java\javapath;C:\Program Files (x86)\Intel\iCLS Client\;C:\Program Files\Intel\iCLS Client\;C:\Windows\system32;C:\Windows;C:\Windows\System32\Wbem;C:\Windows\System32\WindowsPowerShell\v1.0\;C:\Program Files (x86)\Intel\Intel(R) Management Engine Components\DAL;C:\Program Files\Intel\Intel(R) Management Engine Components\DAL;C:\Program Files (x86)\Intel\Intel(R) Management Engine Components\IPT;C:\Program Files\Intel\Intel(R) Management Engine Components\IPT;C:\Program Files (x86)\NVIDIA Corporation\PhysX\Common;C:\WINDOWS\system32;C:\WINDOWS;C:\WINDOWS\System32\Wbem;C:\WINDOWS\System32\WindowsPowerShell\v1.0\;C:\Program Files (x86)\Heroku\bin;C:\Program Files (x86)\git\cmd;C:\Program Files (x86)\Windows Live\Shared;C:\Program Files (x86)\QuickTime\QTSystem\;C:\Program Files\Bandizip\7z;%USERPROFILE%\AppData\Local\Microsoft\WindowsApps;
USERNAME=Andy
OS=Windows_NT
PROCESSOR_IDENTIFIER=Intel64 Family 6 Model 94 Stepping 3, GenuineIntel



---------------  S Y S T E M  ---------------

OS: Windows 10.0 , 64 bit Build 14393 (10.0.14393.0)

CPU:total 4 (4 cores per cpu, 1 threads per core) family 6 model 94 stepping 3, cmov, cx8, fxsr, mmx, sse, sse2, sse3, ssse3, sse4.1, sse4.2, popcnt, avx, avx2, aes, clmul, erms, 3dnowpref, lzcnt, tsc, tscinvbit, bmi1, bmi2, adx

Memory: 4k page, physical 8242700k(1292724k free), swap 10895840k(5552k free)

vm_info: Java HotSpot(TM) 64-Bit Server VM (25.65-b01) for windows-amd64 JRE (1.8.0_65-b17), built on Oct  6 2015 16:39:20 by "java_re" with MS VC++ 10.0 (VS2010)

time: Sun Aug 28 21:44:50 2016
elapsed time: 1 seconds (0d 0h 0m 1s)

