#
# There is insufficient memory for the Java Runtime Environment to continue.
# Native memory allocation (malloc) failed to allocate 374896 bytes for Chunk::new
# Possible reasons:
#   The system is out of physical RAM or swap space
#   In 32 bit mode, the process size limit was hit
# Possible solutions:
#   Reduce memory load on the system
#   Increase physical memory or swap space
#   Check if swap backing store is full
#   Use 64 bit Java on a 64 bit OS
#   Decrease Java heap size (-Xmx/-Xms)
#   Decrease number of Java threads
#   Decrease Java thread stack sizes (-Xss)
#   Set larger code cache with -XX:ReservedCodeCacheSize=
# This output file may be truncated or incomplete.
#
#  Out of Memory Error (allocation.cpp:390), pid=8296, tid=13672
#
# JRE version: Java(TM) SE Runtime Environment (8.0_65-b17) (build 1.8.0_65-b17)
# Java VM: Java HotSpot(TM) 64-Bit Server VM (25.65-b01 mixed mode windows-amd64 compressed oops)
# Failed to write core dump. Minidumps are not enabled by default on client versions of Windows
#

---------------  T H R E A D  ---------------

Current thread (0x000000001526b000):  JavaThread "C2 CompilerThread0" daemon [_thread_in_native, id=13672, stack(0x0000000016770000,0x0000000016870000)]

Stack: [0x0000000016770000,0x0000000016870000]
[error occurred during error reporting (printing stack bounds), id 0xc0000005]

Native frames: (J=compiled Java code, j=interpreted, Vv=VM code, C=native code)


Current CompileTask:
C2:   1775 1695   !   4       com.android.dx.cf.cst.ConstantPoolParser::parse0 (731 bytes)


---------------  P R O C E S S  ---------------

Java Threads: ( => current thread )
  0x0000000016ae9800 JavaThread "pool-2-thread-4" [_thread_blocked, id=8972, stack(0x0000000017c70000,0x0000000017d70000)]
  0x0000000016ae8800 JavaThread "pool-2-thread-3" [_thread_blocked, id=6160, stack(0x0000000017b70000,0x0000000017c70000)]
  0x0000000016b79800 JavaThread "pool-2-thread-2" [_thread_blocked, id=7812, stack(0x0000000017a70000,0x0000000017b70000)]
  0x0000000016b05800 JavaThread "pool-3-thread-1" [_thread_blocked, id=5552, stack(0x0000000017970000,0x0000000017a70000)]
  0x0000000016b2e800 JavaThread "pool-2-thread-1" [_thread_in_Java, id=11644, stack(0x0000000017870000,0x0000000017970000)]
  0x00000000168d0800 JavaThread "Service Thread" daemon [_thread_blocked, id=10628, stack(0x0000000016e70000,0x0000000016f70000)]
  0x00000000168cb800 JavaThread "C1 CompilerThread2" daemon [_thread_blocked, id=13952, stack(0x0000000016d70000,0x0000000016e70000)]
  0x00000000168c8800 JavaThread "C2 CompilerThread1" daemon [_thread_in_native, id=12424, stack(0x0000000016c70000,0x0000000016d70000)]
=>0x000000001526b000 JavaThread "C2 CompilerThread0" daemon [_thread_in_native, id=13672, stack(0x0000000016770000,0x0000000016870000)]
  0x0000000015269000 JavaThread "Attach Listener" daemon [_thread_blocked, id=9912, stack(0x0000000016670000,0x0000000016770000)]
  0x000000001521e000 JavaThread "Signal Dispatcher" daemon [_thread_blocked, id=13052, stack(0x0000000016570000,0x0000000016670000)]
  0x0000000002b31000 JavaThread "Finalizer" daemon [_thread_blocked, id=10560, stack(0x0000000016470000,0x0000000016570000)]
  0x0000000002b2e800 JavaThread "Reference Handler" daemon [_thread_blocked, id=2508, stack(0x0000000016370000,0x0000000016470000)]
  0x0000000000d1d800 JavaThread "main" [_thread_blocked, id=5992, stack(0x0000000002840000,0x0000000002940000)]

Other Threads:
  0x00000000151d7800 VMThread [stack: 0x0000000016270000,0x0000000016370000] [id=9932]
  0x0000000016937800 WatcherThread [stack: 0x0000000016f70000,0x0000000017070000] [id=1120]

VM state:not at safepoint (normal execution)

VM Mutex/Monitor currently owned by a thread: None

Heap:
 PSYoungGen      total 70656K, used 40159K [0x00000000eab00000, 0x00000000ef500000, 0x0000000100000000)
  eden space 65536K, 53% used [0x00000000eab00000,0x00000000ecd3d0b0,0x00000000eeb00000)
  from space 5120K, 99% used [0x00000000eeb00000,0x00000000eeffaec0,0x00000000ef000000)
  to   space 5120K, 0% used [0x00000000ef000000,0x00000000ef000000,0x00000000ef500000)
 ParOldGen       total 86016K, used 14682K [0x00000000c0000000, 0x00000000c5400000, 0x00000000eab00000)
  object space 86016K, 17% used [0x00000000c0000000,0x00000000c0e568c0,0x00000000c5400000)
 Metaspace       used 6359K, capacity 7128K, committed 7424K, reserved 1056768K
  class space    used 617K, capacity 656K, committed 768K, reserved 1048576K

Card table byte_map: [0x0000000011f00000,0x0000000012110000] byte_map_base: 0x0000000011900000

Marking Bits: (ParMarkBitMap*) 0x000000005e34a5b0
 Begin Bits: [0x0000000012670000, 0x0000000013670000)
 End Bits:   [0x0000000013670000, 0x0000000014670000)

Polling page: 0x0000000000920000

CodeCache: size=245760Kb used=6555Kb max_used=6555Kb free=239204Kb
 bounds [0x0000000002b40000, 0x00000000031b0000, 0x0000000011b40000]
 total_blobs=1931 nmethods=1663 adapters=181
 compilation: enabled

Compilation events (10 events):
Event: 1.725 Thread 0x00000000168cb800 1733   !   2       sun.reflect.generics.parser.SignatureParser::current (40 bytes)
Event: 1.725 Thread 0x00000000168cb800 nmethod 1733 0x000000000315ee10 code [0x000000000315ef60, 0x000000000315f110]
Event: 1.727 Thread 0x00000000168cb800 1734       2       java.util.HashMap::get (23 bytes)
Event: 1.727 Thread 0x00000000168cb800 nmethod 1734 0x000000000319fa50 code [0x000000000319fbc0, 0x000000000319fdb8]
Event: 1.727 Thread 0x00000000168cb800 1736       2       com.android.dx.rop.code.RegisterSpec$ForComparison::hashCode (16 bytes)
Event: 1.727 Thread 0x00000000168cb800 nmethod 1736 0x000000000319f5d0 code [0x000000000319f740, 0x000000000319f938]
Event: 1.727 Thread 0x00000000168cb800 1737       2       com.android.dx.rop.code.RegisterSpec::access$600 (7 bytes)
Event: 1.728 Thread 0x00000000168cb800 nmethod 1737 0x000000000319f190 code [0x000000000319f300, 0x000000000319f4d8]
Event: 1.728 Thread 0x00000000168cb800 1738   !   2       com.android.dx.rop.code.RegisterSpec::intern (70 bytes)
Event: 1.728 Thread 0x00000000168cb800 nmethod 1738 0x0000000003190fd0 code [0x0000000003191180, 0x00000000031916e8]

GC Heap History (6 events):
Event: 0.440 GC heap before
{Heap before GC invocations=1 (full 0):
 PSYoungGen      total 37888K, used 32768K [0x00000000eab00000, 0x00000000ed500000, 0x0000000100000000)
  eden space 32768K, 100% used [0x00000000eab00000,0x00000000ecb00000,0x00000000ecb00000)
  from space 5120K, 0% used [0x00000000ed000000,0x00000000ed000000,0x00000000ed500000)
  to   space 5120K, 0% used [0x00000000ecb00000,0x00000000ecb00000,0x00000000ed000000)
 ParOldGen       total 86016K, used 0K [0x00000000c0000000, 0x00000000c5400000, 0x00000000eab00000)
  object space 86016K, 0% used [0x00000000c0000000,0x00000000c0000000,0x00000000c5400000)
 Metaspace       used 5926K, capacity 6834K, committed 7040K, reserved 1056768K
  class space    used 596K, capacity 618K, committed 640K, reserved 1048576K
Event: 0.446 GC heap after
Heap after GC invocations=1 (full 0):
 PSYoungGen      total 37888K, used 5094K [0x00000000eab00000, 0x00000000ef500000, 0x0000000100000000)
  eden space 32768K, 0% used [0x00000000eab00000,0x00000000eab00000,0x00000000ecb00000)
  from space 5120K, 99% used [0x00000000ecb00000,0x00000000ecff9888,0x00000000ed000000)
  to   space 5120K, 0% used [0x00000000ef000000,0x00000000ef000000,0x00000000ef500000)
 ParOldGen       total 86016K, used 889K [0x00000000c0000000, 0x00000000c5400000, 0x00000000eab00000)
  object space 86016K, 1% used [0x00000000c0000000,0x00000000c00de7e8,0x00000000c5400000)
 Metaspace       used 5926K, capacity 6834K, committed 7040K, reserved 1056768K
  class space    used 596K, capacity 618K, committed 640K, reserved 1048576K
}
Event: 0.637 GC heap before
{Heap before GC invocations=2 (full 0):
 PSYoungGen      total 37888K, used 37862K [0x00000000eab00000, 0x00000000ef500000, 0x0000000100000000)
  eden space 32768K, 100% used [0x00000000eab00000,0x00000000ecb00000,0x00000000ecb00000)
  from space 5120K, 99% used [0x00000000ecb00000,0x00000000ecff9888,0x00000000ed000000)
  to   space 5120K, 0% used [0x00000000ef000000,0x00000000ef000000,0x00000000ef500000)
 ParOldGen       total 86016K, used 889K [0x00000000c0000000, 0x00000000c5400000, 0x00000000eab00000)
  object space 86016K, 1% used [0x00000000c0000000,0x00000000c00de7e8,0x00000000c5400000)
 Metaspace       used 6148K, capacity 7026K, committed 7296K, reserved 1056768K
  class space    used 597K, capacity 618K, committed 640K, reserved 1048576K
Event: 0.739 GC heap after
Heap after GC invocations=2 (full 0):
 PSYoungGen      total 70656K, used 5095K [0x00000000eab00000, 0x00000000ef500000, 0x0000000100000000)
  eden space 65536K, 0% used [0x00000000eab00000,0x00000000eab00000,0x00000000eeb00000)
  from space 5120K, 99% used [0x00000000ef000000,0x00000000ef4f9e38,0x00000000ef500000)
  to   space 5120K, 0% used [0x00000000eeb00000,0x00000000eeb00000,0x00000000ef000000)
 ParOldGen       total 86016K, used 5130K [0x00000000c0000000, 0x00000000c5400000, 0x00000000eab00000)
  object space 86016K, 5% used [0x00000000c0000000,0x00000000c0502800,0x00000000c5400000)
 Metaspace       used 6148K, capacity 7026K, committed 7296K, reserved 1056768K
  class space    used 597K, capacity 618K, committed 640K, reserved 1048576K
}
Event: 1.166 GC heap before
{Heap before GC invocations=3 (full 0):
 PSYoungGen      total 70656K, used 70631K [0x00000000eab00000, 0x00000000ef500000, 0x0000000100000000)
  eden space 65536K, 100% used [0x00000000eab00000,0x00000000eeb00000,0x00000000eeb00000)
  from space 5120K, 99% used [0x00000000ef000000,0x00000000ef4f9e38,0x00000000ef500000)
  to   space 5120K, 0% used [0x00000000eeb00000,0x00000000eeb00000,0x00000000ef000000)
 ParOldGen       total 86016K, used 5130K [0x00000000c0000000, 0x00000000c5400000, 0x00000000eab00000)
  object space 86016K, 5% used [0x00000000c0000000,0x00000000c0502800,0x00000000c5400000)
 Metaspace       used 6244K, capacity 7090K, committed 7296K, reserved 1056768K
  class space    used 598K, capacity 618K, committed 640K, reserved 1048576K
Event: 1.185 GC heap after
Heap after GC invocations=3 (full 0):
 PSYoungGen      total 70656K, used 5099K [0x00000000eab00000, 0x00000000ef500000, 0x0000000100000000)
  eden space 65536K, 0% used [0x00000000eab00000,0x00000000eab00000,0x00000000eeb00000)
  from space 5120K, 99% used [0x00000000eeb00000,0x00000000eeffaec0,0x00000000ef000000)
  to   space 5120K, 0% used [0x00000000ef000000,0x00000000ef000000,0x00000000ef500000)
 ParOldGen       total 86016K, used 14682K [0x00000000c0000000, 0x00000000c5400000, 0x00000000eab00000)
  object space 86016K, 17% used [0x00000000c0000000,0x00000000c0e568c0,0x00000000c5400000)
 Metaspace       used 6244K, capacity 7090K, committed 7296K, reserved 1056768K
  class space    used 598K, capacity 618K, committed 640K, reserved 1048576K
}

Deoptimization events (10 events):
Event: 0.389 Thread 0x0000000000d1d800 Uncommon trap: reason=unstable_if action=reinterpret pc=0x0000000002d0ca60 method=java.lang.String.<init>([CII)V @ 18
Event: 0.593 Thread 0x0000000016b79800 Uncommon trap: reason=unstable_if action=reinterpret pc=0x0000000002e82f9c method=com.android.dx.ssa.SsaMethod.updateOneDefinition(Lcom/android/dx/ssa/SsaInsn;Lcom/android/dx/rop/code/RegisterSpec;)V @ 4
Event: 0.746 Thread 0x0000000016ae8800 Uncommon trap: reason=unstable_if action=reinterpret pc=0x0000000002e74c7c method=com.android.dx.ssa.SsaMethod.deleteInsns(Ljava/util/Set;)V @ 130
Event: 0.750 Thread 0x0000000016ae8800 Uncommon trap: reason=null_check action=make_not_entrant pc=0x0000000002e54228 method=com.android.dx.rop.type.Type.equals(Ljava/lang/Object;)Z @ 8
Event: 1.199 Thread 0x0000000016ae8800 Uncommon trap: reason=bimorphic action=maybe_recompile pc=0x0000000003108c0c method=com.android.dx.cf.code.BytecodeArray.parseInstruction(ILcom/android/dx/cf/code/BytecodeArray$Visitor;)I @ 2484
Event: 1.199 Thread 0x0000000016ae8800 Uncommon trap: reason=bimorphic action=maybe_recompile pc=0x0000000003108c0c method=com.android.dx.cf.code.BytecodeArray.parseInstruction(ILcom/android/dx/cf/code/BytecodeArray$Visitor;)I @ 2484
Event: 1.324 Thread 0x0000000016ae9800 Uncommon trap: reason=unstable_if action=reinterpret pc=0x0000000003108d00 method=com.android.dx.cf.code.ByteCatchList.listFor(I)Lcom/android/dx/cf/code/ByteCatchList; @ 47
Event: 1.330 Thread 0x0000000016ae9800 Uncommon trap: reason=unstable_if action=reinterpret pc=0x0000000002e8cffc method=com.android.dx.util.IntList.binarysearch(I)I @ 105
Event: 1.724 Thread 0x0000000016b2e800 Uncommon trap: reason=unstable_if action=reinterpret pc=0x0000000002e58c78 method=java.util.HashMap.putVal(ILjava/lang/Object;Ljava/lang/Object;ZZ)Ljava/lang/Object; @ 162
Event: 1.726 Thread 0x0000000016b2e800 Uncommon trap: reason=unstable_if action=reinterpret pc=0x0000000002e10fa8 method=java.util.HashMap.getNode(ILjava/lang/Object;)Ljava/util/HashMap$Node; @ 84

Internal exceptions (6 events):
Event: 0.066 Thread 0x0000000000d1d800 Exception <a 'java/lang/NoSuchMethodError': Method sun.misc.Unsafe.defineClass(Ljava/lang/String;[BII)Ljava/lang/Class; name or signature does not match> (0x00000000eab13088) thrown at [C:\workspace\8-2-build-windows-amd64-cygwin\jdk8u65\4987\hotspot\src\s§pêsæØ°?
Event: 0.066 Thread 0x0000000000d1d800 Exception <a 'java/lang/NoSuchMethodError': Method sun.misc.Unsafe.prefetchRead(Ljava/lang/Object;J)V name or signature does not match> (0x00000000eab13370) thrown at [C:\workspace\8-2-build-windows-amd64-cygwin\jdk8u65\4987\hotspot\src\share\vm\prims\jni.ÎÞ
Event: 0.750 Thread 0x0000000016ae8800 Implicit null exception at 0x0000000002e54122 to 0x0000000002e5421a
Event: 1.725 Thread 0x0000000016b2e800 Exception <a 'java/lang/ArrayIndexOutOfBoundsException': 18> (0x00000000eccf9458) thrown at [C:\workspace\8-2-build-windows-amd64-cygwin\jdk8u65\4987\hotspot\src\share\vm\interpreter\interpreterRuntime.cpp, line 366]
Event: 1.725 Thread 0x0000000016b2e800 Exception <a 'java/lang/ArrayIndexOutOfBoundsException': 145> (0x00000000eccfafd8) thrown at [C:\workspace\8-2-build-windows-amd64-cygwin\jdk8u65\4987\hotspot\src\share\vm\interpreter\interpreterRuntime.cpp, line 366]
Event: 1.726 Thread 0x0000000016b2e800 Exception <a 'java/lang/ArrayIndexOutOfBoundsException'> (0x00000000eccfc2c0) thrown at [C:\workspace\8-2-build-windows-amd64-cygwin\jdk8u65\4987\hotspot\src\share\vm\runtime\sharedRuntime.cpp, line 605]

Events (10 events):
Event: 1.726 loading class sun/reflect/generics/reflectiveObjects/ParameterizedTypeImpl done
Event: 1.726 loading class java/lang/reflect/TypeVariable
Event: 1.726 loading class java/lang/reflect/TypeVariable done
Event: 1.726 loading class sun/reflect/generics/reflectiveObjects/TypeVariableImpl
Event: 1.726 loading class sun/reflect/generics/reflectiveObjects/LazyReflectiveObjectGenerator
Event: 1.726 loading class sun/reflect/generics/reflectiveObjects/LazyReflectiveObjectGenerator done
Event: 1.726 loading class sun/reflect/generics/reflectiveObjects/TypeVariableImpl done
Event: 1.726 Thread 0x0000000016b2e800 Uncommon trap: trap_request=0xffffff65 fr.pc=0x0000000002e10fa8
Event: 1.726 Thread 0x0000000016b2e800 DEOPT PACKING pc=0x0000000002e10fa8 sp=0x000000001796d940
Event: 1.726 Thread 0x0000000016b2e800 DEOPT UNPACKING pc=0x0000000002b8582a sp=0x000000001796d870 mode 2


Dynamic libraries:
0x00007ff6edc40000 - 0x00007ff6edc77000 	C:\Program Files\Java\jdk1.8.0_65\bin\java.exe
0x00007fff305c0000 - 0x00007fff30791000 	C:\WINDOWS\SYSTEM32\ntdll.dll
0x00007fff301e0000 - 0x00007fff3028b000 	C:\WINDOWS\System32\KERNEL32.DLL
0x00007fff2cf20000 - 0x00007fff2d13d000 	C:\WINDOWS\System32\KERNELBASE.dll
0x00007fff2f890000 - 0x00007fff2f932000 	C:\WINDOWS\System32\ADVAPI32.dll
0x00007fff2dbb0000 - 0x00007fff2dc4e000 	C:\WINDOWS\System32\msvcrt.dll
0x00007fff2f4c0000 - 0x00007fff2f519000 	C:\WINDOWS\System32\sechost.dll
0x00007fff2f520000 - 0x00007fff2f641000 	C:\WINDOWS\System32\RPCRT4.dll
0x00007fff2dc50000 - 0x00007fff2ddb5000 	C:\WINDOWS\System32\USER32.dll
0x00007fff2cce0000 - 0x00007fff2ccfe000 	C:\WINDOWS\System32\win32u.dll
0x00007fff2ddc0000 - 0x00007fff2ddf4000 	C:\WINDOWS\System32\GDI32.dll
0x00007fff2cb50000 - 0x00007fff2ccd2000 	C:\WINDOWS\System32\gdi32full.dll
0x00007fff25d60000 - 0x00007fff25fd9000 	C:\WINDOWS\WinSxS\amd64_microsoft.windows.common-controls_6595b64144ccf1df_6.0.14393.0_none_2d0f50fcbdb171b8\COMCTL32.dll
0x00007fff2ff10000 - 0x00007fff301d7000 	C:\WINDOWS\System32\combase.dll
0x00007fff2d300000 - 0x00007fff2d3f5000 	C:\WINDOWS\System32\ucrtbase.dll
0x00007fff2d400000 - 0x00007fff2d46a000 	C:\WINDOWS\System32\bcryptPrimitives.dll
0x00007fff303a0000 - 0x00007fff303ce000 	C:\WINDOWS\System32\IMM32.DLL
0x000000005d6c0000 - 0x000000005d792000 	C:\Program Files\Java\jdk1.8.0_65\jre\bin\msvcr100.dll
0x000000005db40000 - 0x000000005e3c9000 	C:\Program Files\Java\jdk1.8.0_65\jre\bin\server\jvm.dll
0x00007fff305b0000 - 0x00007fff305b8000 	C:\WINDOWS\System32\PSAPI.DLL
0x00007fff24520000 - 0x00007fff24529000 	C:\WINDOWS\SYSTEM32\WSOCK32.dll
0x00007fff2de00000 - 0x00007fff2de6a000 	C:\WINDOWS\System32\WS2_32.dll
0x00007fff2ae80000 - 0x00007fff2aea3000 	C:\WINDOWS\SYSTEM32\WINMM.dll
0x00007fff28b30000 - 0x00007fff28b3a000 	C:\WINDOWS\SYSTEM32\VERSION.dll
0x00007fff2ae20000 - 0x00007fff2ae4b000 	C:\WINDOWS\SYSTEM32\WINMMBASE.dll
0x00007fff2cd00000 - 0x00007fff2cd42000 	C:\WINDOWS\System32\cfgmgr32.dll
0x000000005db30000 - 0x000000005db3f000 	C:\Program Files\Java\jdk1.8.0_65\jre\bin\verify.dll
0x000000005db00000 - 0x000000005db29000 	C:\Program Files\Java\jdk1.8.0_65\jre\bin\java.dll
0x000000005dae0000 - 0x000000005daf6000 	C:\Program Files\Java\jdk1.8.0_65\jre\bin\zip.dll
0x00007fff2de70000 - 0x00007fff2f378000 	C:\WINDOWS\System32\SHELL32.dll
0x00007fff2d470000 - 0x00007fff2db4a000 	C:\WINDOWS\System32\windows.storage.dll
0x00007fff2caf0000 - 0x00007fff2cb3c000 	C:\WINDOWS\System32\powrprof.dll
0x00007fff2f830000 - 0x00007fff2f882000 	C:\WINDOWS\System32\shlwapi.dll
0x00007fff2cae0000 - 0x00007fff2caef000 	C:\WINDOWS\System32\kernel.appcore.dll
0x00007fff2d250000 - 0x00007fff2d2f9000 	C:\WINDOWS\System32\shcore.dll
0x00007fff2cac0000 - 0x00007fff2cad4000 	C:\WINDOWS\System32\profapi.dll

VM Arguments:
jvm_args: -Djava.awt.headless=true -Xmx1024M -Dfile.encoding=x-windows-950 -Duser.country=TW -Duser.language=zh -Duser.variant 
java_command: com.android.dx.command.Main --dex --num-threads=4 --multi-dex --output C:\Users\Andy\Desktop\2016YCProject-jiarou\ShareLove\app\build\intermediates\transforms\dex\debug\folders\1000\10\jackson-databind-2.2.2_95809b2161aeb82278e1c331c4673d5d3def87da C:\Users\Andy\.gradle\caches\modules-2\files-2.1\com.fasterxml.jackson.core\jackson-databind\2.2.2\3c8f6018eaa72d43b261181e801e6f8676c16ef6\jackson-databind-2.2.2.jar
java_class_path (initial): C:\Users\Andy\AppData\Local\Android\sdk\build-tools\23.0.2\lib\dx.jar
Launcher Type: SUN_STANDARD

Environment Variables:
JAVA_HOME=C:\Program Files\Java\jdk1.8.0_65
CLASSPATH=.;C:\Program Files (x86)\Java\jre1.8.0_91\lib\ext\QTJava.zip
PATH=C:\Python27\;C:\Python27\Scripts;C:\ProgramData\Oracle\Java\javapath;C:\Program Files (x86)\Intel\iCLS Client\;C:\Program Files\Intel\iCLS Client\;C:\Windows\system32;C:\Windows;C:\Windows\System32\Wbem;C:\Windows\System32\WindowsPowerShell\v1.0\;C:\Program Files (x86)\Intel\Intel(R) Management Engine Components\DAL;C:\Program Files\Intel\Intel(R) Management Engine Components\DAL;C:\Program Files (x86)\Intel\Intel(R) Management Engine Components\IPT;C:\Program Files\Intel\Intel(R) Management Engine Components\IPT;C:\Program Files (x86)\NVIDIA Corporation\PhysX\Common;C:\WINDOWS\system32;C:\WINDOWS;C:\WINDOWS\System32\Wbem;C:\WINDOWS\System32\WindowsPowerShell\v1.0\;C:\Program Files (x86)\Heroku\bin;C:\Program Files (x86)\git\cmd;C:\Program Files (x86)\Windows Live\Shared;C:\Program Files (x86)\QuickTime\QTSystem\;C:\Program Files\Bandizip\7z;%USERPROFILE%\AppData\Local\Microsoft\WindowsApps;
USERNAME=Andy
OS=Windows_NT
PROCESSOR_IDENTIFIER=Intel64 Family 6 Model 94 Stepping 3, GenuineIntel



---------------  S Y S T E M  ---------------

OS: Windows 10.0 , 64 bit Build 14393 (10.0.14393.0)

CPU:total 4 (4 cores per cpu, 1 threads per core) family 6 model 94 stepping 3, cmov, cx8, fxsr, mmx, sse, sse2, sse3, ssse3, sse4.1, sse4.2, popcnt, avx, avx2, aes, clmul, erms, 3dnowpref, lzcnt, tsc, tscinvbit, bmi1, bmi2, adx

Memory: 4k page, physical 8242700k(1306556k free), swap 10895840k(7060k free)

vm_info: Java HotSpot(TM) 64-Bit Server VM (25.65-b01) for windows-amd64 JRE (1.8.0_65-b17), built on Oct  6 2015 16:39:20 by "java_re" with MS VC++ 10.0 (VS2010)

time: Sun Aug 28 21:45:13 2016
elapsed time: 1 seconds (0d 0h 0m 1s)

