#
# There is insufficient memory for the Java Runtime Environment to continue.
# Native memory allocation (malloc) failed to allocate 465376 bytes for Chunk::new
# Possible reasons:
#   The system is out of physical RAM or swap space
#   In 32 bit mode, the process size limit was hit
# Possible solutions:
#   Reduce memory load on the system
#   Increase physical memory or swap space
#   Check if swap backing store is full
#   Use 64 bit Java on a 64 bit OS
#   Decrease Java heap size (-Xmx/-Xms)
#   Decrease number of Java threads
#   Decrease Java thread stack sizes (-Xss)
#   Set larger code cache with -XX:ReservedCodeCacheSize=
# This output file may be truncated or incomplete.
#
#  Out of Memory Error (allocation.cpp:390), pid=8380, tid=1928
#
# JRE version: Java(TM) SE Runtime Environment (8.0_65-b17) (build 1.8.0_65-b17)
# Java VM: Java HotSpot(TM) 64-Bit Server VM (25.65-b01 mixed mode windows-amd64 compressed oops)
# Failed to write core dump. Minidumps are not enabled by default on client versions of Windows
#

---------------  T H R E A D  ---------------

Current thread (0x0000000015c1b000):  JavaThread "C2 CompilerThread0" daemon [_thread_in_native, id=1928, stack(0x0000000017170000,0x0000000017270000)]

Stack: [0x0000000017170000,0x0000000017270000]
[error occurred during error reporting (printing stack bounds), id 0xc0000005]

Native frames: (J=compiled Java code, j=interpreted, Vv=VM code, C=native code)


Current CompileTask:
C2:    563  705       4       com.android.dx.ssa.SsaBasicBlock::forEachInsn (37 bytes)


---------------  P R O C E S S  ---------------

Java Threads: ( => current thread )
  0x0000000017415800 JavaThread "pool-2-thread-4" [_thread_new, id=9724, stack(0x0000000000000000,0x0000000000000000)]
  0x0000000017414800 JavaThread "pool-2-thread-3" [_thread_new, id=9840, stack(0x0000000000000000,0x0000000000000000)]
  0x000000001740e800 JavaThread "pool-2-thread-2" [_thread_in_Java, id=6816, stack(0x0000000017c70000,0x0000000017d70000)]
  0x000000001740b800 JavaThread "pool-3-thread-1" [_thread_blocked, id=13380, stack(0x0000000017b70000,0x0000000017c70000)]
  0x00000000173fc800 JavaThread "pool-2-thread-1" [_thread_in_Java, id=8500, stack(0x0000000017a70000,0x0000000017b70000)]
  0x00000000172d1800 JavaThread "Service Thread" daemon [_thread_blocked, id=8176, stack(0x0000000017870000,0x0000000017970000)]
  0x00000000172cb800 JavaThread "C1 CompilerThread2" daemon [_thread_in_native, id=9224, stack(0x0000000017770000,0x0000000017870000)]
  0x00000000172c8800 JavaThread "C2 CompilerThread1" daemon [_thread_in_native, id=3424, stack(0x0000000017670000,0x0000000017770000)]
=>0x0000000015c1b000 JavaThread "C2 CompilerThread0" daemon [_thread_in_native, id=1928, stack(0x0000000017170000,0x0000000017270000)]
  0x0000000015bcf000 JavaThread "Attach Listener" daemon [_thread_blocked, id=10972, stack(0x0000000017070000,0x0000000017170000)]
  0x0000000015bce000 JavaThread "Signal Dispatcher" daemon [_thread_blocked, id=14236, stack(0x0000000016f70000,0x0000000017070000)]
  0x00000000034e0800 JavaThread "Finalizer" daemon [_thread_blocked, id=5872, stack(0x0000000016e10000,0x0000000016f10000)]
  0x00000000034dd800 JavaThread "Reference Handler" daemon [_thread_blocked, id=6772, stack(0x0000000016d10000,0x0000000016e10000)]
  0x0000000002e5d800 JavaThread "main" [_thread_in_Java, id=6968, stack(0x00000000031f0000,0x00000000032f0000)]

Other Threads:
  0x0000000015b88800 VMThread [stack: 0x0000000016c10000,0x0000000016d10000] [id=10564]
  0x0000000017334800 WatcherThread [stack: 0x0000000017970000,0x0000000017a70000] [id=13808]

VM state:not at safepoint (normal execution)

VM Mutex/Monitor currently owned by a thread: None

Heap:
 PSYoungGen      total 37888K, used 15339K [0x00000000eab00000, 0x00000000ed500000, 0x0000000100000000)
  eden space 32768K, 46% used [0x00000000eab00000,0x00000000eb9faf28,0x00000000ecb00000)
  from space 5120K, 0% used [0x00000000ed000000,0x00000000ed000000,0x00000000ed500000)
  to   space 5120K, 0% used [0x00000000ecb00000,0x00000000ecb00000,0x00000000ed000000)
 ParOldGen       total 86016K, used 0K [0x00000000c0000000, 0x00000000c5400000, 0x00000000eab00000)
  object space 86016K, 0% used [0x00000000c0000000,0x00000000c0000000,0x00000000c5400000)
 Metaspace       used 5764K, capacity 6704K, committed 6784K, reserved 1056768K
  class space    used 599K, capacity 616K, committed 640K, reserved 1048576K

Card table byte_map: [0x00000000128b0000,0x0000000012ac0000] byte_map_base: 0x00000000122b0000

Marking Bits: (ParMarkBitMap*) 0x000000005e34a5b0
 Begin Bits: [0x0000000013020000, 0x0000000014020000)
 End Bits:   [0x0000000014020000, 0x0000000015020000)

Polling page: 0x0000000002e30000

CodeCache: size=245760Kb used=3072Kb max_used=3080Kb free=242687Kb
 bounds [0x00000000034f0000, 0x0000000003800000, 0x00000000124f0000]
 total_blobs=997 nmethods=728 adapters=182
 compilation: enabled

Compilation events (10 events):
Event: 0.559 Thread 0x00000000172c8800 nmethod 731 0x00000000037d1910 code [0x00000000037d1a60, 0x00000000037d1bf8]
Event: 0.559 Thread 0x00000000172c8800  734       4       java.util.HashMap::getNode (148 bytes)
Event: 0.560 Thread 0x00000000172cb800 nmethod 732 0x00000000037dd4d0 code [0x00000000037ddae0, 0x00000000037e2478]
Event: 0.560 Thread 0x00000000172cb800  735       3       com.android.dx.cf.code.RopperMachine::jopToRopOpcode (1103 bytes)
Event: 0.561 Thread 0x00000000172cb800 nmethod 735 0x00000000037e5a90 code [0x00000000037e5da0, 0x00000000037e8018]
Event: 0.561 Thread 0x00000000172cb800  738       3       com.android.dx.cf.code.Ropper::labelToResultIndex (47 bytes)
Event: 0.561 Thread 0x00000000172cb800 nmethod 738 0x00000000037dc450 code [0x00000000037dc620, 0x00000000037dccb8]
Event: 0.561 Thread 0x00000000172cb800  741       3       com.android.dx.ssa.SsaRenamer$BlockRenamer::addMapping (143 bytes)
Event: 0.562 Thread 0x00000000172cb800 nmethod 741 0x00000000037dad10 code [0x00000000037daf20, 0x00000000037dbde8]
Event: 0.562 Thread 0x00000000172cb800  733       3       com.android.dx.cf.code.ValueAwareMachine::run (1142 bytes)

GC Heap History (0 events):
No events

Deoptimization events (2 events):
Event: 0.461 Thread 0x0000000002e5d800 Uncommon trap: reason=unstable_if action=reinterpret pc=0x00000000036f46e0 method=java.util.HashMap.getNode(ILjava/lang/Object;)Ljava/util/HashMap$Node; @ 129
Event: 0.557 Thread 0x0000000002e5d800 Uncommon trap: reason=unstable_if action=reinterpret pc=0x0000000003708fb0 method=java.util.BitSet.nextSetBit(I)I @ 87

Internal exceptions (2 events):
Event: 0.091 Thread 0x0000000002e5d800 Exception <a 'java/lang/NoSuchMethodError': Method sun.misc.Unsafe.defineClass(Ljava/lang/String;[BII)Ljava/lang/Class; name or signature does not match> (0x00000000eab13088) thrown at [C:\workspace\8-2-build-windows-amd64-cygwin\jdk8u65\4987\hotspot\src\sЮ?	ач]и?
Event: 0.091 Thread 0x0000000002e5d800 Exception <a 'java/lang/NoSuchMethodError': Method sun.misc.Unsafe.prefetchRead(Ljava/lang/Object;J)V name or signature does not match> (0x00000000eab13370) thrown at [C:\workspace\8-2-build-windows-amd64-cygwin\jdk8u65\4987\hotspot\src\share\vm\prims\jni.

Events (10 events):
Event: 0.461 Thread 0x0000000002e5d800 Uncommon trap: trap_request=0xffffff65 fr.pc=0x00000000036f46e0
Event: 0.461 Thread 0x0000000002e5d800 DEOPT PACKING pc=0x00000000036f46e0 sp=0x00000000032ee520
Event: 0.461 Thread 0x0000000002e5d800 DEOPT UNPACKING pc=0x000000000353582a sp=0x00000000032ee498 mode 2
Event: 0.550 loading class com/android/dx/cf/code/SwitchList
Event: 0.550 loading class com/android/dx/cf/code/SwitchList done
Event: 0.555 loading class java/util/ArrayList$1
Event: 0.555 loading class java/util/ArrayList$1 done
Event: 0.557 Thread 0x0000000002e5d800 Uncommon trap: trap_request=0xffffff65 fr.pc=0x0000000003708fb0
Event: 0.557 Thread 0x0000000002e5d800 DEOPT PACKING pc=0x0000000003708fb0 sp=0x00000000032ee760
Event: 0.557 Thread 0x0000000002e5d800 DEOPT UNPACKING pc=0x000000000353582a sp=0x00000000032ee6f8 mode 2


Dynamic libraries:
0x00007ff6edc40000 - 0x00007ff6edc77000 	C:\Program Files\Java\jdk1.8.0_65\bin\java.exe
0x00007fff305c0000 - 0x00007fff30791000 	C:\WINDOWS\SYSTEM32\ntdll.dll
0x00007fff301e0000 - 0x00007fff3028b000 	C:\WINDOWS\System32\KERNEL32.DLL
0x00007fff2cf20000 - 0x00007fff2d13d000 	C:\WINDOWS\System32\KERNELBASE.dll
0x00007fff2f890000 - 0x00007fff2f932000 	C:\WINDOWS\System32\ADVAPI32.dll
0x00007fff2dbb0000 - 0x00007fff2dc4e000 	C:\WINDOWS\System32\msvcrt.dll
0x00007fff2f4c0000 - 0x00007fff2f519000 	C:\WINDOWS\System32\sechost.dll
0x00007fff2f520000 - 0x00007fff2f641000 	C:\WINDOWS\System32\RPCRT4.dll
0x00007fff2dc50000 - 0x00007fff2ddb5000 	C:\WINDOWS\System32\USER32.dll
0x00007fff2cce0000 - 0x00007fff2ccfe000 	C:\WINDOWS\System32\win32u.dll
0x00007fff2ddc0000 - 0x00007fff2ddf4000 	C:\WINDOWS\System32\GDI32.dll
0x00007fff2cb50000 - 0x00007fff2ccd2000 	C:\WINDOWS\System32\gdi32full.dll
0x00007fff25d60000 - 0x00007fff25fd9000 	C:\WINDOWS\WinSxS\amd64_microsoft.windows.common-controls_6595b64144ccf1df_6.0.14393.0_none_2d0f50fcbdb171b8\COMCTL32.dll
0x00007fff2ff10000 - 0x00007fff301d7000 	C:\WINDOWS\System32\combase.dll
0x00007fff2d300000 - 0x00007fff2d3f5000 	C:\WINDOWS\System32\ucrtbase.dll
0x00007fff2d400000 - 0x00007fff2d46a000 	C:\WINDOWS\System32\bcryptPrimitives.dll
0x00007fff303a0000 - 0x00007fff303ce000 	C:\WINDOWS\System32\IMM32.DLL
0x000000005d6c0000 - 0x000000005d792000 	C:\Program Files\Java\jdk1.8.0_65\jre\bin\msvcr100.dll
0x000000005db40000 - 0x000000005e3c9000 	C:\Program Files\Java\jdk1.8.0_65\jre\bin\server\jvm.dll
0x00007fff305b0000 - 0x00007fff305b8000 	C:\WINDOWS\System32\PSAPI.DLL
0x00007fff24520000 - 0x00007fff24529000 	C:\WINDOWS\SYSTEM32\WSOCK32.dll
0x00007fff2de00000 - 0x00007fff2de6a000 	C:\WINDOWS\System32\WS2_32.dll
0x00007fff2ae80000 - 0x00007fff2aea3000 	C:\WINDOWS\SYSTEM32\WINMM.dll
0x00007fff28b30000 - 0x00007fff28b3a000 	C:\WINDOWS\SYSTEM32\VERSION.dll
0x00007fff2ae20000 - 0x00007fff2ae4b000 	C:\WINDOWS\SYSTEM32\WINMMBASE.dll
0x00007fff2cd00000 - 0x00007fff2cd42000 	C:\WINDOWS\System32\cfgmgr32.dll
0x000000005db30000 - 0x000000005db3f000 	C:\Program Files\Java\jdk1.8.0_65\jre\bin\verify.dll
0x000000005db00000 - 0x000000005db29000 	C:\Program Files\Java\jdk1.8.0_65\jre\bin\java.dll
0x000000005dae0000 - 0x000000005daf6000 	C:\Program Files\Java\jdk1.8.0_65\jre\bin\zip.dll
0x00007fff2de70000 - 0x00007fff2f378000 	C:\WINDOWS\System32\SHELL32.dll
0x00007fff2d470000 - 0x00007fff2db4a000 	C:\WINDOWS\System32\windows.storage.dll
0x00007fff2caf0000 - 0x00007fff2cb3c000 	C:\WINDOWS\System32\powrprof.dll
0x00007fff2f830000 - 0x00007fff2f882000 	C:\WINDOWS\System32\shlwapi.dll
0x00007fff2cae0000 - 0x00007fff2caef000 	C:\WINDOWS\System32\kernel.appcore.dll
0x00007fff2d250000 - 0x00007fff2d2f9000 	C:\WINDOWS\System32\shcore.dll
0x00007fff2cac0000 - 0x00007fff2cad4000 	C:\WINDOWS\System32\profapi.dll

VM Arguments:
jvm_args: -Djava.awt.headless=true -Xmx1024M -Dfile.encoding=x-windows-950 -Duser.country=TW -Duser.language=zh -Duser.variant 
java_command: com.android.dx.command.Main --dex --num-threads=4 --multi-dex --output C:\Users\Andy\Desktop\2016YCProject-jiarou\ShareLove\app\build\intermediates\transforms\dex\debug\folders\1000\10\com.android.support-customtabs-23.4.0_37fc219451869217b20ec3a8eb8d6a8af7c4f7e5 C:\Users\Andy\Desktop\2016YCProject-jiarou\ShareLove\app\build\intermediates\exploded-aar\com.android.support\customtabs\23.4.0\jars\classes.jar
java_class_path (initial): C:\Users\Andy\AppData\Local\Android\sdk\build-tools\23.0.2\lib\dx.jar
Launcher Type: SUN_STANDARD

Environment Variables:
JAVA_HOME=C:\Program Files\Java\jdk1.8.0_65
CLASSPATH=.;C:\Program Files (x86)\Java\jre1.8.0_91\lib\ext\QTJava.zip
PATH=C:\Python27\;C:\Python27\Scripts;C:\ProgramData\Oracle\Java\javapath;C:\Program Files (x86)\Intel\iCLS Client\;C:\Program Files\Intel\iCLS Client\;C:\Windows\system32;C:\Windows;C:\Windows\System32\Wbem;C:\Windows\System32\WindowsPowerShell\v1.0\;C:\Program Files (x86)\Intel\Intel(R) Management Engine Components\DAL;C:\Program Files\Intel\Intel(R) Management Engine Components\DAL;C:\Program Files (x86)\Intel\Intel(R) Management Engine Components\IPT;C:\Program Files\Intel\Intel(R) Management Engine Components\IPT;C:\Program Files (x86)\NVIDIA Corporation\PhysX\Common;C:\WINDOWS\system32;C:\WINDOWS;C:\WINDOWS\System32\Wbem;C:\WINDOWS\System32\WindowsPowerShell\v1.0\;C:\Program Files (x86)\Heroku\bin;C:\Program Files (x86)\git\cmd;C:\Program Files (x86)\Windows Live\Shared;C:\Program Files (x86)\QuickTime\QTSystem\;C:\Program Files\Bandizip\7z;%USERPROFILE%\AppData\Local\Microsoft\WindowsApps;
USERNAME=Andy
OS=Windows_NT
PROCESSOR_IDENTIFIER=Intel64 Family 6 Model 94 Stepping 3, GenuineIntel



---------------  S Y S T E M  ---------------

OS: Windows 10.0 , 64 bit Build 14393 (10.0.14393.0)

CPU:total 4 (4 cores per cpu, 1 threads per core) family 6 model 94 stepping 3, cmov, cx8, fxsr, mmx, sse, sse2, sse3, ssse3, sse4.1, sse4.2, popcnt, avx, avx2, aes, clmul, erms, 3dnowpref, lzcnt, tsc, tscinvbit, bmi1, bmi2, adx

Memory: 4k page, physical 8242700k(1406708k free), swap 10895840k(4308k free)

vm_info: Java HotSpot(TM) 64-Bit Server VM (25.65-b01) for windows-amd64 JRE (1.8.0_65-b17), built on Oct  6 2015 16:39:20 by "java_re" with MS VC++ 10.0 (VS2010)

time: Sun Aug 28 21:44:44 2016
elapsed time: 0 seconds (0d 0h 0m 0s)

